mode: set
github.com/TheGenXCoder/kpm/internal/kpm/add.go:25.86,26.21 1 1
github.com/TheGenXCoder/kpm/internal/kpm/add.go:26.21,28.3 1 1
github.com/TheGenXCoder/kpm/internal/kpm/add.go:29.2,29.39 1 1
github.com/TheGenXCoder/kpm/internal/kpm/add.go:29.39,31.3 1 1
github.com/TheGenXCoder/kpm/internal/kpm/add.go:34.2,35.42 2 1
github.com/TheGenXCoder/kpm/internal/kpm/add.go:35.42,39.56 4 1
github.com/TheGenXCoder/kpm/internal/kpm/add.go:39.56,41.4 1 1
github.com/TheGenXCoder/kpm/internal/kpm/add.go:45.2,48.25 3 1
github.com/TheGenXCoder/kpm/internal/kpm/add.go:48.25,50.17 2 1
github.com/TheGenXCoder/kpm/internal/kpm/add.go:50.17,52.4 1 1
github.com/TheGenXCoder/kpm/internal/kpm/add.go:53.8,53.49 1 1
github.com/TheGenXCoder/kpm/internal/kpm/add.go:53.49,55.17 2 1
github.com/TheGenXCoder/kpm/internal/kpm/add.go:55.17,57.4 1 0
github.com/TheGenXCoder/kpm/internal/kpm/add.go:58.3,58.57 1 1
github.com/TheGenXCoder/kpm/internal/kpm/add.go:59.8,63.17 4 0
github.com/TheGenXCoder/kpm/internal/kpm/add.go:63.17,65.4 1 0
github.com/TheGenXCoder/kpm/internal/kpm/add.go:68.2,70.21 2 1
github.com/TheGenXCoder/kpm/internal/kpm/add.go:70.21,72.3 1 1
github.com/TheGenXCoder/kpm/internal/kpm/add.go:75.2,76.22 2 1
github.com/TheGenXCoder/kpm/internal/kpm/add.go:76.22,78.3 1 1
github.com/TheGenXCoder/kpm/internal/kpm/add.go:81.2,82.16 2 1
github.com/TheGenXCoder/kpm/internal/kpm/add.go:82.16,84.3 1 0
github.com/TheGenXCoder/kpm/internal/kpm/add.go:88.2,88.116 1 1
github.com/TheGenXCoder/kpm/internal/kpm/add.go:88.116,89.117 1 1
github.com/TheGenXCoder/kpm/internal/kpm/add.go:89.117,91.4 1 0
github.com/TheGenXCoder/kpm/internal/kpm/add.go:94.2,95.24 2 1
github.com/TheGenXCoder/kpm/internal/kpm/add.go:95.24,97.3 1 1
github.com/TheGenXCoder/kpm/internal/kpm/add.go:98.2,99.12 2 1
github.com/TheGenXCoder/kpm/internal/kpm/client.go:40.76,42.16 2 1
github.com/TheGenXCoder/kpm/internal/kpm/client.go:42.16,44.3 1 1
github.com/TheGenXCoder/kpm/internal/kpm/client.go:45.2,46.16 2 1
github.com/TheGenXCoder/kpm/internal/kpm/client.go:46.16,48.3 1 1
github.com/TheGenXCoder/kpm/internal/kpm/client.go:49.2,50.16 2 1
github.com/TheGenXCoder/kpm/internal/kpm/client.go:50.16,52.3 1 1
github.com/TheGenXCoder/kpm/internal/kpm/client.go:54.2,55.16 2 1
github.com/TheGenXCoder/kpm/internal/kpm/client.go:55.16,57.3 1 1
github.com/TheGenXCoder/kpm/internal/kpm/client.go:59.2,59.47 1 1
github.com/TheGenXCoder/kpm/internal/kpm/client.go:62.67,72.2 1 1
github.com/TheGenXCoder/kpm/internal/kpm/client.go:76.58,78.16 2 1
github.com/TheGenXCoder/kpm/internal/kpm/client.go:78.16,80.3 1 1
github.com/TheGenXCoder/kpm/internal/kpm/client.go:82.2,83.16 2 1
github.com/TheGenXCoder/kpm/internal/kpm/client.go:83.16,85.3 1 1
github.com/TheGenXCoder/kpm/internal/kpm/client.go:86.2,88.38 2 1
github.com/TheGenXCoder/kpm/internal/kpm/client.go:88.38,90.3 1 1
github.com/TheGenXCoder/kpm/internal/kpm/client.go:92.2,95.65 2 1
github.com/TheGenXCoder/kpm/internal/kpm/client.go:95.65,97.3 1 1
github.com/TheGenXCoder/kpm/internal/kpm/client.go:98.2,99.12 2 1
github.com/TheGenXCoder/kpm/internal/kpm/client.go:102.56,103.19 1 1
github.com/TheGenXCoder/kpm/internal/kpm/client.go:103.19,105.3 1 1
github.com/TheGenXCoder/kpm/internal/kpm/client.go:106.2,106.12 1 1
github.com/TheGenXCoder/kpm/internal/kpm/client.go:109.81,110.42 1 1
github.com/TheGenXCoder/kpm/internal/kpm/client.go:110.42,112.3 1 1
github.com/TheGenXCoder/kpm/internal/kpm/client.go:113.2,114.16 2 1
github.com/TheGenXCoder/kpm/internal/kpm/client.go:114.16,116.3 1 1
github.com/TheGenXCoder/kpm/internal/kpm/client.go:117.2,118.29 2 1
github.com/TheGenXCoder/kpm/internal/kpm/client.go:121.92,122.42 1 1
github.com/TheGenXCoder/kpm/internal/kpm/client.go:122.42,124.3 1 1
github.com/TheGenXCoder/kpm/internal/kpm/client.go:125.2,126.59 2 1
github.com/TheGenXCoder/kpm/internal/kpm/client.go:126.59,128.3 1 0
github.com/TheGenXCoder/kpm/internal/kpm/client.go:129.2,130.16 2 1
github.com/TheGenXCoder/kpm/internal/kpm/client.go:130.16,132.3 1 1
github.com/TheGenXCoder/kpm/internal/kpm/client.go:133.2,135.29 3 1
github.com/TheGenXCoder/kpm/internal/kpm/client.go:138.84,139.42 1 1
github.com/TheGenXCoder/kpm/internal/kpm/client.go:139.42,141.3 1 1
github.com/TheGenXCoder/kpm/internal/kpm/client.go:142.2,143.16 2 1
github.com/TheGenXCoder/kpm/internal/kpm/client.go:143.16,145.3 1 1
github.com/TheGenXCoder/kpm/internal/kpm/client.go:146.2,147.29 2 1
github.com/TheGenXCoder/kpm/internal/kpm/client.go:151.89,155.16 3 1
github.com/TheGenXCoder/kpm/internal/kpm/client.go:155.16,157.3 1 0
github.com/TheGenXCoder/kpm/internal/kpm/client.go:158.2,160.38 2 1
github.com/TheGenXCoder/kpm/internal/kpm/client.go:160.38,162.3 1 1
github.com/TheGenXCoder/kpm/internal/kpm/client.go:164.2,170.65 2 1
github.com/TheGenXCoder/kpm/internal/kpm/client.go:170.65,172.3 1 1
github.com/TheGenXCoder/kpm/internal/kpm/client.go:174.2,179.8 1 1
github.com/TheGenXCoder/kpm/internal/kpm/client.go:184.99,188.16 3 1
github.com/TheGenXCoder/kpm/internal/kpm/client.go:188.16,190.3 1 0
github.com/TheGenXCoder/kpm/internal/kpm/client.go:191.2,193.44 2 1
github.com/TheGenXCoder/kpm/internal/kpm/client.go:193.44,195.3 1 1
github.com/TheGenXCoder/kpm/internal/kpm/client.go:196.2,196.38 1 1
github.com/TheGenXCoder/kpm/internal/kpm/client.go:196.38,198.3 1 1
github.com/TheGenXCoder/kpm/internal/kpm/client.go:201.2,202.65 2 1
github.com/TheGenXCoder/kpm/internal/kpm/client.go:202.65,204.3 1 1
github.com/TheGenXCoder/kpm/internal/kpm/client.go:206.2,207.25 2 1
github.com/TheGenXCoder/kpm/internal/kpm/client.go:207.25,209.3 1 1
github.com/TheGenXCoder/kpm/internal/kpm/client.go:210.2,210.17 1 1
github.com/TheGenXCoder/kpm/internal/kpm/client.go:214.93,218.16 3 1
github.com/TheGenXCoder/kpm/internal/kpm/client.go:218.16,220.3 1 0
github.com/TheGenXCoder/kpm/internal/kpm/client.go:221.2,223.38 2 1
github.com/TheGenXCoder/kpm/internal/kpm/client.go:223.38,225.3 1 1
github.com/TheGenXCoder/kpm/internal/kpm/client.go:227.2,233.65 2 1
github.com/TheGenXCoder/kpm/internal/kpm/client.go:233.65,235.3 1 1
github.com/TheGenXCoder/kpm/internal/kpm/client.go:237.2,238.33 2 1
github.com/TheGenXCoder/kpm/internal/kpm/client.go:238.33,240.3 1 1
github.com/TheGenXCoder/kpm/internal/kpm/client.go:242.2,247.8 1 1
github.com/TheGenXCoder/kpm/internal/kpm/config.go:24.33,26.2 1 1
github.com/TheGenXCoder/kpm/internal/kpm/config.go:29.47,31.16 2 1
github.com/TheGenXCoder/kpm/internal/kpm/config.go:31.16,33.3 1 1
github.com/TheGenXCoder/kpm/internal/kpm/config.go:35.2,36.50 2 1
github.com/TheGenXCoder/kpm/internal/kpm/config.go:36.50,38.3 1 0
github.com/TheGenXCoder/kpm/internal/kpm/config.go:40.2,40.31 1 1
github.com/TheGenXCoder/kpm/internal/kpm/config.go:40.31,42.3 1 1
github.com/TheGenXCoder/kpm/internal/kpm/config.go:43.2,43.28 1 1
github.com/TheGenXCoder/kpm/internal/kpm/config.go:43.28,45.3 1 1
github.com/TheGenXCoder/kpm/internal/kpm/config.go:48.2,52.17 4 1
github.com/TheGenXCoder/kpm/internal/kpm/config.go:56.37,57.38 1 1
github.com/TheGenXCoder/kpm/internal/kpm/config.go:57.38,59.3 1 1
github.com/TheGenXCoder/kpm/internal/kpm/config.go:60.2,61.16 2 1
github.com/TheGenXCoder/kpm/internal/kpm/config.go:61.16,63.3 1 0
github.com/TheGenXCoder/kpm/internal/kpm/config.go:64.2,64.38 1 1
github.com/TheGenXCoder/kpm/internal/kpm/config_sync.go:18.51,20.16 2 1
github.com/TheGenXCoder/kpm/internal/kpm/config_sync.go:20.16,22.3 1 1
github.com/TheGenXCoder/kpm/internal/kpm/config_sync.go:24.2,25.32 2 1
github.com/TheGenXCoder/kpm/internal/kpm/config_sync.go:25.32,26.69 1 1
github.com/TheGenXCoder/kpm/internal/kpm/config_sync.go:26.69,27.12 1 1
github.com/TheGenXCoder/kpm/internal/kpm/config_sync.go:30.3,32.17 3 1
github.com/TheGenXCoder/kpm/internal/kpm/config_sync.go:32.17,34.12 2 0
github.com/TheGenXCoder/kpm/internal/kpm/config_sync.go:38.3,48.35 7 1
github.com/TheGenXCoder/kpm/internal/kpm/config_sync.go:48.35,50.12 2 1
github.com/TheGenXCoder/kpm/internal/kpm/config_sync.go:53.3,54.11 2 0
github.com/TheGenXCoder/kpm/internal/kpm/config_sync.go:57.2,58.12 2 1
github.com/TheGenXCoder/kpm/internal/kpm/config_sync.go:64.88,66.2 1 1
github.com/TheGenXCoder/kpm/internal/kpm/config_sync.go:70.98,71.47 1 1
github.com/TheGenXCoder/kpm/internal/kpm/config_sync.go:71.47,73.3 1 1
github.com/TheGenXCoder/kpm/internal/kpm/config_sync.go:76.2,79.29 3 1
github.com/TheGenXCoder/kpm/internal/kpm/config_sync.go:79.29,81.17 2 1
github.com/TheGenXCoder/kpm/internal/kpm/config_sync.go:81.17,83.12 1 1
github.com/TheGenXCoder/kpm/internal/kpm/config_sync.go:86.3,87.10 2 1
github.com/TheGenXCoder/kpm/internal/kpm/config_sync.go:87.10,89.12 2 1
github.com/TheGenXCoder/kpm/internal/kpm/config_sync.go:94.3,95.20 2 1
github.com/TheGenXCoder/kpm/internal/kpm/config_sync.go:95.20,99.4 2 1
github.com/TheGenXCoder/kpm/internal/kpm/config_sync.go:102.3,103.45 2 1
github.com/TheGenXCoder/kpm/internal/kpm/config_sync.go:103.45,105.4 1 1
github.com/TheGenXCoder/kpm/internal/kpm/config_sync.go:107.3,110.63 3 1
github.com/TheGenXCoder/kpm/internal/kpm/config_sync.go:110.63,112.12 2 1
github.com/TheGenXCoder/kpm/internal/kpm/config_sync.go:115.3,116.11 2 1
github.com/TheGenXCoder/kpm/internal/kpm/config_sync.go:119.2,119.17 1 1
github.com/TheGenXCoder/kpm/internal/kpm/config_sync.go:119.17,121.3 1 1
github.com/TheGenXCoder/kpm/internal/kpm/config_sync.go:121.8,123.3 1 1
github.com/TheGenXCoder/kpm/internal/kpm/config_sync.go:124.2,124.12 1 1
github.com/TheGenXCoder/kpm/internal/kpm/describe_cmd.go:10.87,12.16 2 1
github.com/TheGenXCoder/kpm/internal/kpm/describe_cmd.go:12.16,14.3 1 0
github.com/TheGenXCoder/kpm/internal/kpm/describe_cmd.go:15.2,15.17 1 1
github.com/TheGenXCoder/kpm/internal/kpm/describe_cmd.go:15.17,17.3 1 1
github.com/TheGenXCoder/kpm/internal/kpm/describe_cmd.go:19.2,20.21 2 1
github.com/TheGenXCoder/kpm/internal/kpm/describe_cmd.go:20.21,22.3 1 1
github.com/TheGenXCoder/kpm/internal/kpm/describe_cmd.go:23.2,23.24 1 1
github.com/TheGenXCoder/kpm/internal/kpm/describe_cmd.go:23.24,25.3 1 1
github.com/TheGenXCoder/kpm/internal/kpm/describe_cmd.go:26.2,26.28 1 1
github.com/TheGenXCoder/kpm/internal/kpm/describe_cmd.go:26.28,28.3 1 1
github.com/TheGenXCoder/kpm/internal/kpm/describe_cmd.go:29.2,31.24 3 1
github.com/TheGenXCoder/kpm/internal/kpm/describe_cmd.go:31.24,33.3 1 0
github.com/TheGenXCoder/kpm/internal/kpm/describe_cmd.go:34.2,35.18 2 1
github.com/TheGenXCoder/kpm/internal/kpm/describe_cmd.go:35.18,37.3 1 1
github.com/TheGenXCoder/kpm/internal/kpm/describe_cmd.go:38.2,38.12 1 1
github.com/TheGenXCoder/kpm/internal/kpm/detect.go:6.44,8.32 2 1
github.com/TheGenXCoder/kpm/internal/kpm/detect.go:8.32,9.34 1 1
github.com/TheGenXCoder/kpm/internal/kpm/detect.go:9.34,11.4 1 1
github.com/TheGenXCoder/kpm/internal/kpm/detect.go:14.2,17.58 1 1
github.com/TheGenXCoder/kpm/internal/kpm/detect.go:17.58,19.3 1 1
github.com/TheGenXCoder/kpm/internal/kpm/detect.go:21.2,21.60 1 1
github.com/TheGenXCoder/kpm/internal/kpm/detect.go:21.60,23.3 1 1
github.com/TheGenXCoder/kpm/internal/kpm/detect.go:25.2,26.33 2 1
github.com/TheGenXCoder/kpm/internal/kpm/detect.go:26.33,27.34 1 1
github.com/TheGenXCoder/kpm/internal/kpm/detect.go:27.34,29.4 1 1
github.com/TheGenXCoder/kpm/internal/kpm/detect.go:32.2,32.90 1 1
github.com/TheGenXCoder/kpm/internal/kpm/detect.go:32.90,34.3 1 1
github.com/TheGenXCoder/kpm/internal/kpm/detect.go:36.2,36.18 1 1
github.com/TheGenXCoder/kpm/internal/kpm/discover.go:15.46,20.29 3 1
github.com/TheGenXCoder/kpm/internal/kpm/discover.go:20.29,22.3 1 1
github.com/TheGenXCoder/kpm/internal/kpm/discover.go:25.2,26.26 2 1
github.com/TheGenXCoder/kpm/internal/kpm/discover.go:26.26,28.3 1 1
github.com/TheGenXCoder/kpm/internal/kpm/discover.go:31.2,32.30 2 1
github.com/TheGenXCoder/kpm/internal/kpm/discover.go:32.30,34.26 2 1
github.com/TheGenXCoder/kpm/internal/kpm/discover.go:34.26,36.4 1 1
github.com/TheGenXCoder/kpm/internal/kpm/discover.go:39.2,39.11 1 1
github.com/TheGenXCoder/kpm/internal/kpm/discover.go:42.35,45.2 2 1
github.com/TheGenXCoder/kpm/internal/kpm/encrypt.go:13.38,15.42 2 1
github.com/TheGenXCoder/kpm/internal/kpm/encrypt.go:15.42,17.3 1 0
github.com/TheGenXCoder/kpm/internal/kpm/encrypt.go:18.2,18.17 1 1
github.com/TheGenXCoder/kpm/internal/kpm/encrypt.go:23.58,25.16 2 1
github.com/TheGenXCoder/kpm/internal/kpm/encrypt.go:25.16,27.3 1 1
github.com/TheGenXCoder/kpm/internal/kpm/encrypt.go:28.2,29.16 2 1
github.com/TheGenXCoder/kpm/internal/kpm/encrypt.go:29.16,31.3 1 0
github.com/TheGenXCoder/kpm/internal/kpm/encrypt.go:32.2,33.44 2 1
github.com/TheGenXCoder/kpm/internal/kpm/encrypt.go:33.44,35.3 1 0
github.com/TheGenXCoder/kpm/internal/kpm/encrypt.go:36.2,36.52 1 1
github.com/TheGenXCoder/kpm/internal/kpm/encrypt.go:40.59,42.16 2 1
github.com/TheGenXCoder/kpm/internal/kpm/encrypt.go:42.16,44.3 1 1
github.com/TheGenXCoder/kpm/internal/kpm/encrypt.go:45.2,46.16 2 1
github.com/TheGenXCoder/kpm/internal/kpm/encrypt.go:46.16,48.3 1 0
github.com/TheGenXCoder/kpm/internal/kpm/encrypt.go:49.2,50.33 2 1
github.com/TheGenXCoder/kpm/internal/kpm/encrypt.go:50.33,52.3 1 1
github.com/TheGenXCoder/kpm/internal/kpm/encrypt.go:53.2,55.16 3 1
github.com/TheGenXCoder/kpm/internal/kpm/encrypt.go:55.16,57.3 1 1
github.com/TheGenXCoder/kpm/internal/kpm/encrypt.go:58.2,58.23 1 1
github.com/TheGenXCoder/kpm/internal/kpm/encrypt.go:63.71,65.2 1 1
github.com/TheGenXCoder/kpm/internal/kpm/encrypt.go:68.88,69.75 1 1
github.com/TheGenXCoder/kpm/internal/kpm/encrypt.go:69.75,71.3 1 1
github.com/TheGenXCoder/kpm/internal/kpm/encrypt.go:72.2,74.21 3 1
github.com/TheGenXCoder/kpm/internal/kpm/encrypt.go:74.21,76.3 1 1
github.com/TheGenXCoder/kpm/internal/kpm/encrypt.go:77.2,78.16 2 1
github.com/TheGenXCoder/kpm/internal/kpm/encrypt.go:78.16,80.3 1 1
github.com/TheGenXCoder/kpm/internal/kpm/encrypt.go:81.2,81.26 1 1
github.com/TheGenXCoder/kpm/internal/kpm/env.go:11.63,15.28 4 1
github.com/TheGenXCoder/kpm/internal/kpm/env.go:15.28,16.78 1 1
github.com/TheGenXCoder/kpm/internal/kpm/env.go:16.78,18.4 1 0
github.com/TheGenXCoder/kpm/internal/kpm/env.go:20.2,20.12 1 1
github.com/TheGenXCoder/kpm/internal/kpm/env.go:25.62,26.28 1 1
github.com/TheGenXCoder/kpm/internal/kpm/env.go:26.28,28.82 2 1
github.com/TheGenXCoder/kpm/internal/kpm/env.go:28.82,30.4 1 0
github.com/TheGenXCoder/kpm/internal/kpm/env.go:32.2,32.12 1 1
github.com/TheGenXCoder/kpm/internal/kpm/env.go:36.61,38.28 2 1
github.com/TheGenXCoder/kpm/internal/kpm/env.go:38.28,40.3 1 1
github.com/TheGenXCoder/kpm/internal/kpm/env.go:41.2,43.22 3 1
github.com/TheGenXCoder/kpm/internal/kpm/history_cmd.go:9.86,11.16 2 1
github.com/TheGenXCoder/kpm/internal/kpm/history_cmd.go:11.16,13.3 1 1
github.com/TheGenXCoder/kpm/internal/kpm/history_cmd.go:15.2,15.24 1 1
github.com/TheGenXCoder/kpm/internal/kpm/history_cmd.go:15.24,18.3 2 1
github.com/TheGenXCoder/kpm/internal/kpm/history_cmd.go:20.2,21.42 2 1
github.com/TheGenXCoder/kpm/internal/kpm/history_cmd.go:21.42,24.27 3 1
github.com/TheGenXCoder/kpm/internal/kpm/history_cmd.go:24.27,26.4 1 1
github.com/TheGenXCoder/kpm/internal/kpm/history_cmd.go:27.3,27.84 1 1
github.com/TheGenXCoder/kpm/internal/kpm/history_cmd.go:29.2,29.12 1 1
github.com/TheGenXCoder/kpm/internal/kpm/list_cmd.go:14.141,16.16 2 1
github.com/TheGenXCoder/kpm/internal/kpm/list_cmd.go:16.16,18.3 1 0
github.com/TheGenXCoder/kpm/internal/kpm/list_cmd.go:20.2,20.23 1 1
github.com/TheGenXCoder/kpm/internal/kpm/list_cmd.go:20.23,23.3 2 1
github.com/TheGenXCoder/kpm/internal/kpm/list_cmd.go:26.2,27.28 2 1
github.com/TheGenXCoder/kpm/internal/kpm/list_cmd.go:27.28,28.44 1 1
github.com/TheGenXCoder/kpm/internal/kpm/list_cmd.go:28.44,29.12 1 1
github.com/TheGenXCoder/kpm/internal/kpm/list_cmd.go:31.3,31.45 1 1
github.com/TheGenXCoder/kpm/internal/kpm/list_cmd.go:31.45,32.12 1 1
github.com/TheGenXCoder/kpm/internal/kpm/list_cmd.go:34.3,34.47 1 1
github.com/TheGenXCoder/kpm/internal/kpm/list_cmd.go:34.47,35.12 1 1
github.com/TheGenXCoder/kpm/internal/kpm/list_cmd.go:37.3,37.33 1 1
github.com/TheGenXCoder/kpm/internal/kpm/list_cmd.go:40.2,40.24 1 1
github.com/TheGenXCoder/kpm/internal/kpm/list_cmd.go:40.24,43.3 2 1
github.com/TheGenXCoder/kpm/internal/kpm/list_cmd.go:45.2,45.16 1 1
github.com/TheGenXCoder/kpm/internal/kpm/list_cmd.go:45.16,49.3 3 1
github.com/TheGenXCoder/kpm/internal/kpm/list_cmd.go:52.2,53.29 2 1
github.com/TheGenXCoder/kpm/internal/kpm/list_cmd.go:53.29,55.3 1 1
github.com/TheGenXCoder/kpm/internal/kpm/list_cmd.go:57.2,58.25 2 1
github.com/TheGenXCoder/kpm/internal/kpm/list_cmd.go:58.25,60.3 1 1
github.com/TheGenXCoder/kpm/internal/kpm/list_cmd.go:61.2,63.31 2 1
github.com/TheGenXCoder/kpm/internal/kpm/list_cmd.go:63.31,65.34 2 1
github.com/TheGenXCoder/kpm/internal/kpm/list_cmd.go:65.34,67.16 2 1
github.com/TheGenXCoder/kpm/internal/kpm/list_cmd.go:67.16,69.5 1 1
github.com/TheGenXCoder/kpm/internal/kpm/list_cmd.go:70.4,71.23 2 1
github.com/TheGenXCoder/kpm/internal/kpm/list_cmd.go:71.23,73.5 1 1
github.com/TheGenXCoder/kpm/internal/kpm/list_cmd.go:74.4,75.27 2 1
github.com/TheGenXCoder/kpm/internal/kpm/list_cmd.go:75.27,76.32 1 1
github.com/TheGenXCoder/kpm/internal/kpm/list_cmd.go:76.32,78.6 1 1
github.com/TheGenXCoder/kpm/internal/kpm/list_cmd.go:78.11,80.6 1 0
github.com/TheGenXCoder/kpm/internal/kpm/list_cmd.go:82.4,83.23 2 1
github.com/TheGenXCoder/kpm/internal/kpm/list_cmd.go:83.23,84.66 1 1
github.com/TheGenXCoder/kpm/internal/kpm/list_cmd.go:84.66,86.15 2 1
github.com/TheGenXCoder/kpm/internal/kpm/list_cmd.go:86.15,88.7 1 1
github.com/TheGenXCoder/kpm/internal/kpm/list_cmd.go:88.12,88.36 1 1
github.com/TheGenXCoder/kpm/internal/kpm/list_cmd.go:88.36,90.7 1 1
github.com/TheGenXCoder/kpm/internal/kpm/list_cmd.go:93.4,93.17 1 1
github.com/TheGenXCoder/kpm/internal/kpm/list_cmd.go:93.17,95.5 1 1
github.com/TheGenXCoder/kpm/internal/kpm/list_cmd.go:96.4,96.100 1 1
github.com/TheGenXCoder/kpm/internal/kpm/list_cmd.go:98.3,98.18 1 1
github.com/TheGenXCoder/kpm/internal/kpm/list_cmd.go:101.2,102.12 2 1
github.com/TheGenXCoder/kpm/internal/kpm/list_cmd.go:105.46,106.23 1 1
github.com/TheGenXCoder/kpm/internal/kpm/list_cmd.go:106.23,107.13 1 1
github.com/TheGenXCoder/kpm/internal/kpm/list_cmd.go:107.13,109.4 1 1
github.com/TheGenXCoder/kpm/internal/kpm/list_cmd.go:111.2,111.14 1 1
github.com/TheGenXCoder/kpm/internal/kpm/listener.go:36.42,40.16 3 1
github.com/TheGenXCoder/kpm/internal/kpm/listener.go:40.16,42.3 1 0
github.com/TheGenXCoder/kpm/internal/kpm/listener.go:44.2,44.54 1 1
github.com/TheGenXCoder/kpm/internal/kpm/listener.go:44.54,47.3 2 0
github.com/TheGenXCoder/kpm/internal/kpm/listener.go:49.2,53.6 4 1
github.com/TheGenXCoder/kpm/internal/kpm/listener.go:53.6,55.17 2 1
github.com/TheGenXCoder/kpm/internal/kpm/listener.go:55.17,59.17 4 1
github.com/TheGenXCoder/kpm/internal/kpm/listener.go:59.17,61.5 1 1
github.com/TheGenXCoder/kpm/internal/kpm/listener.go:62.4,62.12 1 0
github.com/TheGenXCoder/kpm/internal/kpm/listener.go:64.3,64.25 1 1
github.com/TheGenXCoder/kpm/internal/kpm/listener.go:68.54,73.59 4 1
github.com/TheGenXCoder/kpm/internal/kpm/listener.go:73.59,76.3 2 1
github.com/TheGenXCoder/kpm/internal/kpm/listener.go:78.2,78.36 1 1
github.com/TheGenXCoder/kpm/internal/kpm/listener.go:78.36,81.3 2 1
github.com/TheGenXCoder/kpm/internal/kpm/listener.go:83.2,84.16 2 1
github.com/TheGenXCoder/kpm/internal/kpm/listener.go:84.16,87.3 2 1
github.com/TheGenXCoder/kpm/internal/kpm/listener.go:88.2,88.25 1 1
github.com/TheGenXCoder/kpm/internal/kpm/listener.go:88.25,91.3 2 1
github.com/TheGenXCoder/kpm/internal/kpm/listener.go:93.2,94.16 2 1
github.com/TheGenXCoder/kpm/internal/kpm/listener.go:94.16,97.3 2 1
github.com/TheGenXCoder/kpm/internal/kpm/listener.go:98.2,100.73 2 1
github.com/TheGenXCoder/kpm/internal/kpm/listener.go:104.36,107.24 3 1
github.com/TheGenXCoder/kpm/internal/kpm/listener.go:107.24,109.3 1 1
github.com/TheGenXCoder/kpm/internal/kpm/listener.go:110.2,111.26 2 1
github.com/TheGenXCoder/kpm/internal/kpm/paths.go:10.25,11.43 1 1
github.com/TheGenXCoder/kpm/internal/kpm/paths.go:11.43,13.3 1 1
github.com/TheGenXCoder/kpm/internal/kpm/paths.go:14.2,14.48 1 1
github.com/TheGenXCoder/kpm/internal/kpm/paths.go:14.48,16.19 2 1
github.com/TheGenXCoder/kpm/internal/kpm/paths.go:16.19,18.4 1 1
github.com/TheGenXCoder/kpm/internal/kpm/paths.go:20.2,24.20 3 1
github.com/TheGenXCoder/kpm/internal/kpm/paths.go:24.20,26.3 1 1
github.com/TheGenXCoder/kpm/internal/kpm/paths.go:29.2,30.23 2 1
github.com/TheGenXCoder/kpm/internal/kpm/paths.go:30.23,32.3 1 1
github.com/TheGenXCoder/kpm/internal/kpm/paths.go:35.2,35.12 1 1
github.com/TheGenXCoder/kpm/internal/kpm/paths.go:40.23,41.41 1 1
github.com/TheGenXCoder/kpm/internal/kpm/paths.go:41.41,43.3 1 1
github.com/TheGenXCoder/kpm/internal/kpm/paths.go:44.2,44.46 1 1
github.com/TheGenXCoder/kpm/internal/kpm/paths.go:44.46,46.19 2 1
github.com/TheGenXCoder/kpm/internal/kpm/paths.go:46.19,48.4 1 1
github.com/TheGenXCoder/kpm/internal/kpm/paths.go:50.2,53.20 3 1
github.com/TheGenXCoder/kpm/internal/kpm/paths.go:53.20,55.3 1 1
github.com/TheGenXCoder/kpm/internal/kpm/paths.go:57.2,58.23 2 1
github.com/TheGenXCoder/kpm/internal/kpm/paths.go:58.23,60.3 1 1
github.com/TheGenXCoder/kpm/internal/kpm/paths.go:62.2,62.12 1 1
github.com/TheGenXCoder/kpm/internal/kpm/paths.go:66.28,68.2 1 1
github.com/TheGenXCoder/kpm/internal/kpm/paths.go:71.24,73.2 1 1
github.com/TheGenXCoder/kpm/internal/kpm/paths.go:76.27,78.2 1 1
github.com/TheGenXCoder/kpm/internal/kpm/paths.go:81.35,84.2 2 1
github.com/TheGenXCoder/kpm/internal/kpm/paths.go:86.34,89.2 2 1
github.com/TheGenXCoder/kpm/internal/kpm/profile.go:23.37,26.28 3 1
github.com/TheGenXCoder/kpm/internal/kpm/profile.go:26.28,28.3 1 1
github.com/TheGenXCoder/kpm/internal/kpm/profile.go:29.2,29.20 1 1
github.com/TheGenXCoder/kpm/internal/kpm/profile.go:33.56,36.2 2 1
github.com/TheGenXCoder/kpm/internal/kpm/profile.go:38.68,42.16 3 1
github.com/TheGenXCoder/kpm/internal/kpm/profile.go:42.16,44.3 1 0
github.com/TheGenXCoder/kpm/internal/kpm/profile.go:47.2,49.6 3 1
github.com/TheGenXCoder/kpm/internal/kpm/profile.go:49.6,51.45 2 1
github.com/TheGenXCoder/kpm/internal/kpm/profile.go:51.45,53.4 1 1
github.com/TheGenXCoder/kpm/internal/kpm/profile.go:54.3,55.20 2 1
github.com/TheGenXCoder/kpm/internal/kpm/profile.go:55.20,56.9 1 1
github.com/TheGenXCoder/kpm/internal/kpm/profile.go:58.3,58.15 1 1
github.com/TheGenXCoder/kpm/internal/kpm/profile.go:62.2,63.46 2 1
github.com/TheGenXCoder/kpm/internal/kpm/profile.go:63.46,65.3 1 1
github.com/TheGenXCoder/kpm/internal/kpm/profile.go:68.2,69.41 2 1
github.com/TheGenXCoder/kpm/internal/kpm/profile.go:69.41,72.17 3 1
github.com/TheGenXCoder/kpm/internal/kpm/profile.go:72.17,73.12 1 0
github.com/TheGenXCoder/kpm/internal/kpm/profile.go:75.3,75.23 1 1
github.com/TheGenXCoder/kpm/internal/kpm/profile.go:75.23,77.4 1 1
github.com/TheGenXCoder/kpm/internal/kpm/profile.go:78.3,78.37 1 1
github.com/TheGenXCoder/kpm/internal/kpm/profile.go:81.2,81.25 1 1
github.com/TheGenXCoder/kpm/internal/kpm/profile.go:84.56,86.16 2 1
github.com/TheGenXCoder/kpm/internal/kpm/profile.go:86.16,88.3 1 1
github.com/TheGenXCoder/kpm/internal/kpm/profile.go:90.2,93.51 2 1
github.com/TheGenXCoder/kpm/internal/kpm/profile.go:93.51,95.3 1 1
github.com/TheGenXCoder/kpm/internal/kpm/profile.go:96.2,96.24 1 1
github.com/TheGenXCoder/kpm/internal/kpm/profile.go:96.24,98.3 1 1
github.com/TheGenXCoder/kpm/internal/kpm/profile.go:99.2,99.34 1 1
github.com/TheGenXCoder/kpm/internal/kpm/profile.go:103.52,105.6 2 1
github.com/TheGenXCoder/kpm/internal/kpm/profile.go:105.6,107.16 2 1
github.com/TheGenXCoder/kpm/internal/kpm/profile.go:107.16,108.9 1 1
github.com/TheGenXCoder/kpm/internal/kpm/profile.go:110.3,111.14 2 1
github.com/TheGenXCoder/kpm/internal/kpm/profile.go:111.14,113.4 1 0
github.com/TheGenXCoder/kpm/internal/kpm/profile.go:114.3,122.50 6 1
github.com/TheGenXCoder/kpm/internal/kpm/profile.go:122.50,126.4 3 1
github.com/TheGenXCoder/kpm/internal/kpm/profile.go:128.3,129.10 2 1
github.com/TheGenXCoder/kpm/internal/kpm/profile.go:129.10,130.18 1 1
github.com/TheGenXCoder/kpm/internal/kpm/profile.go:130.18,132.5 1 1
github.com/TheGenXCoder/kpm/internal/kpm/profile.go:132.10,134.5 1 1
github.com/TheGenXCoder/kpm/internal/kpm/profile.go:137.3,137.47 1 1
github.com/TheGenXCoder/kpm/internal/kpm/profile.go:139.2,139.20 1 1
github.com/TheGenXCoder/kpm/internal/kpm/quickstart.go:19.36,21.16 2 0
github.com/TheGenXCoder/kpm/internal/kpm/quickstart.go:21.16,23.3 1 0
github.com/TheGenXCoder/kpm/internal/kpm/quickstart.go:24.2,30.16 5 0
github.com/TheGenXCoder/kpm/internal/kpm/quickstart.go:30.16,33.17 3 0
github.com/TheGenXCoder/kpm/internal/kpm/quickstart.go:33.17,35.4 1 0
github.com/TheGenXCoder/kpm/internal/kpm/quickstart.go:37.2,41.51 3 0
github.com/TheGenXCoder/kpm/internal/kpm/quickstart.go:41.51,46.35 5 0
github.com/TheGenXCoder/kpm/internal/kpm/quickstart.go:46.35,48.4 1 0
github.com/TheGenXCoder/kpm/internal/kpm/quickstart.go:49.3,49.39 1 0
github.com/TheGenXCoder/kpm/internal/kpm/quickstart.go:50.8,52.3 1 0
github.com/TheGenXCoder/kpm/internal/kpm/quickstart.go:55.2,59.42 5 0
github.com/TheGenXCoder/kpm/internal/kpm/quickstart.go:59.42,61.3 1 0
github.com/TheGenXCoder/kpm/internal/kpm/quickstart.go:62.2,68.14 5 0
github.com/TheGenXCoder/kpm/internal/kpm/quickstart.go:68.14,73.3 2 0
github.com/TheGenXCoder/kpm/internal/kpm/quickstart.go:74.2,85.29 4 0
github.com/TheGenXCoder/kpm/internal/kpm/quickstart.go:85.29,90.3 4 0
github.com/TheGenXCoder/kpm/internal/kpm/quickstart.go:91.2,98.52 4 0
github.com/TheGenXCoder/kpm/internal/kpm/quickstart.go:98.52,100.3 1 0
github.com/TheGenXCoder/kpm/internal/kpm/quickstart.go:101.2,101.70 1 0
github.com/TheGenXCoder/kpm/internal/kpm/quickstart.go:101.70,105.17 4 0
github.com/TheGenXCoder/kpm/internal/kpm/quickstart.go:105.17,107.4 1 0
github.com/TheGenXCoder/kpm/internal/kpm/quickstart.go:108.3,108.55 1 0
github.com/TheGenXCoder/kpm/internal/kpm/quickstart.go:108.55,110.4 1 0
github.com/TheGenXCoder/kpm/internal/kpm/quickstart.go:114.2,114.56 1 0
github.com/TheGenXCoder/kpm/internal/kpm/quickstart.go:114.56,116.3 1 0
github.com/TheGenXCoder/kpm/internal/kpm/quickstart.go:119.2,131.107 2 0
github.com/TheGenXCoder/kpm/internal/kpm/quickstart.go:131.107,133.3 1 0
github.com/TheGenXCoder/kpm/internal/kpm/quickstart.go:136.2,137.55 2 0
github.com/TheGenXCoder/kpm/internal/kpm/quickstart.go:137.55,139.3 1 0
github.com/TheGenXCoder/kpm/internal/kpm/quickstart.go:141.2,149.111 2 0
github.com/TheGenXCoder/kpm/internal/kpm/quickstart.go:149.111,151.3 1 0
github.com/TheGenXCoder/kpm/internal/kpm/quickstart.go:154.2,163.60 2 0
github.com/TheGenXCoder/kpm/internal/kpm/quickstart.go:163.60,166.3 1 0
github.com/TheGenXCoder/kpm/internal/kpm/quickstart.go:168.2,194.12 22 0
github.com/TheGenXCoder/kpm/internal/kpm/quickstart.go:202.50,213.16 8 0
github.com/TheGenXCoder/kpm/internal/kpm/quickstart.go:213.16,215.3 1 0
github.com/TheGenXCoder/kpm/internal/kpm/quickstart.go:216.2,220.54 4 0
github.com/TheGenXCoder/kpm/internal/kpm/quickstart.go:220.54,225.21 4 0
github.com/TheGenXCoder/kpm/internal/kpm/quickstart.go:225.21,228.55 2 0
github.com/TheGenXCoder/kpm/internal/kpm/quickstart.go:228.55,231.46 3 0
github.com/TheGenXCoder/kpm/internal/kpm/quickstart.go:231.46,236.69 5 0
github.com/TheGenXCoder/kpm/internal/kpm/quickstart.go:236.69,238.7 1 0
github.com/TheGenXCoder/kpm/internal/kpm/quickstart.go:241.4,242.24 2 0
github.com/TheGenXCoder/kpm/internal/kpm/quickstart.go:245.2,245.17 1 0
github.com/TheGenXCoder/kpm/internal/kpm/quickstart.go:245.17,247.3 1 0
github.com/TheGenXCoder/kpm/internal/kpm/quickstart.go:248.2,252.36 3 0
github.com/TheGenXCoder/kpm/internal/kpm/quickstart.go:255.60,256.47 1 0
github.com/TheGenXCoder/kpm/internal/kpm/quickstart.go:256.47,258.3 1 0
github.com/TheGenXCoder/kpm/internal/kpm/quickstart.go:259.2,259.48 1 0
github.com/TheGenXCoder/kpm/internal/kpm/quickstart.go:259.48,261.3 1 0
github.com/TheGenXCoder/kpm/internal/kpm/quickstart.go:263.2,264.16 2 0
github.com/TheGenXCoder/kpm/internal/kpm/quickstart.go:264.16,266.3 1 0
github.com/TheGenXCoder/kpm/internal/kpm/quickstart.go:267.2,274.36 6 0
github.com/TheGenXCoder/kpm/internal/kpm/quickstart.go:274.36,276.3 1 0
github.com/TheGenXCoder/kpm/internal/kpm/quickstart.go:278.2,284.36 7 0
github.com/TheGenXCoder/kpm/internal/kpm/quickstart.go:284.36,286.3 1 0
github.com/TheGenXCoder/kpm/internal/kpm/quickstart.go:288.2,290.53 3 0
github.com/TheGenXCoder/kpm/internal/kpm/quickstart.go:290.53,293.36 3 0
github.com/TheGenXCoder/kpm/internal/kpm/quickstart.go:293.36,298.55 5 0
github.com/TheGenXCoder/kpm/internal/kpm/quickstart.go:298.55,300.5 1 0
github.com/TheGenXCoder/kpm/internal/kpm/quickstart.go:303.2,304.22 2 0
github.com/TheGenXCoder/kpm/internal/kpm/quickstart.go:309.86,311.16 2 0
github.com/TheGenXCoder/kpm/internal/kpm/quickstart.go:311.16,313.3 1 0
github.com/TheGenXCoder/kpm/internal/kpm/quickstart.go:314.2,315.16 2 0
github.com/TheGenXCoder/kpm/internal/kpm/quickstart.go:315.16,317.3 1 0
github.com/TheGenXCoder/kpm/internal/kpm/quickstart.go:318.2,319.16 2 0
github.com/TheGenXCoder/kpm/internal/kpm/quickstart.go:319.16,321.3 1 0
github.com/TheGenXCoder/kpm/internal/kpm/quickstart.go:323.2,324.16 2 0
github.com/TheGenXCoder/kpm/internal/kpm/quickstart.go:324.16,326.3 1 0
github.com/TheGenXCoder/kpm/internal/kpm/quickstart.go:328.2,335.32 2 0
github.com/TheGenXCoder/kpm/internal/kpm/quickstart.go:335.32,338.17 3 0
github.com/TheGenXCoder/kpm/internal/kpm/quickstart.go:338.17,339.12 1 0
github.com/TheGenXCoder/kpm/internal/kpm/quickstart.go:341.3,342.39 2 0
github.com/TheGenXCoder/kpm/internal/kpm/quickstart.go:342.39,344.4 1 0
github.com/TheGenXCoder/kpm/internal/kpm/quickstart.go:346.2,346.14 1 0
github.com/TheGenXCoder/kpm/internal/kpm/registry.go:28.48,29.37 1 1
github.com/TheGenXCoder/kpm/internal/kpm/registry.go:29.37,31.3 1 1
github.com/TheGenXCoder/kpm/internal/kpm/registry.go:32.2,32.18 1 1
github.com/TheGenXCoder/kpm/internal/kpm/registry.go:32.18,34.3 1 1
github.com/TheGenXCoder/kpm/internal/kpm/registry.go:35.2,36.13 2 1
github.com/TheGenXCoder/kpm/internal/kpm/registry.go:36.13,39.3 2 1
github.com/TheGenXCoder/kpm/internal/kpm/registry.go:40.2,41.25 2 1
github.com/TheGenXCoder/kpm/internal/kpm/registry.go:60.100,65.16 4 1
github.com/TheGenXCoder/kpm/internal/kpm/registry.go:65.16,67.3 1 0
github.com/TheGenXCoder/kpm/internal/kpm/registry.go:68.2,70.79 2 1
github.com/TheGenXCoder/kpm/internal/kpm/registry.go:70.79,72.3 1 1
github.com/TheGenXCoder/kpm/internal/kpm/registry.go:74.2,75.67 2 1
github.com/TheGenXCoder/kpm/internal/kpm/registry.go:75.67,77.3 1 1
github.com/TheGenXCoder/kpm/internal/kpm/registry.go:78.2,78.21 1 1
github.com/TheGenXCoder/kpm/internal/kpm/registry.go:82.118,86.16 3 1
github.com/TheGenXCoder/kpm/internal/kpm/registry.go:86.16,88.3 1 0
github.com/TheGenXCoder/kpm/internal/kpm/registry.go:89.2,91.79 2 1
github.com/TheGenXCoder/kpm/internal/kpm/registry.go:91.79,93.3 1 1
github.com/TheGenXCoder/kpm/internal/kpm/registry.go:95.2,96.67 2 1
github.com/TheGenXCoder/kpm/internal/kpm/registry.go:96.67,98.3 1 1
github.com/TheGenXCoder/kpm/internal/kpm/registry.go:99.2,99.21 1 1
github.com/TheGenXCoder/kpm/internal/kpm/registry.go:103.121,106.16 3 1
github.com/TheGenXCoder/kpm/internal/kpm/registry.go:106.16,108.3 1 1
github.com/TheGenXCoder/kpm/internal/kpm/registry.go:109.2,109.17 1 1
github.com/TheGenXCoder/kpm/internal/kpm/registry.go:109.17,111.3 1 1
github.com/TheGenXCoder/kpm/internal/kpm/registry.go:112.2,112.22 1 1
github.com/TheGenXCoder/kpm/internal/kpm/registry.go:112.22,114.3 1 1
github.com/TheGenXCoder/kpm/internal/kpm/registry.go:115.2,115.19 1 1
github.com/TheGenXCoder/kpm/internal/kpm/registry.go:115.19,117.3 1 0
github.com/TheGenXCoder/kpm/internal/kpm/registry.go:119.2,120.16 2 1
github.com/TheGenXCoder/kpm/internal/kpm/registry.go:120.16,122.3 1 0
github.com/TheGenXCoder/kpm/internal/kpm/registry.go:123.2,125.79 2 1
github.com/TheGenXCoder/kpm/internal/kpm/registry.go:125.79,127.3 1 1
github.com/TheGenXCoder/kpm/internal/kpm/registry.go:128.2,128.12 1 1
github.com/TheGenXCoder/kpm/internal/kpm/registry.go:132.99,134.20 2 1
github.com/TheGenXCoder/kpm/internal/kpm/registry.go:134.20,136.3 1 1
github.com/TheGenXCoder/kpm/internal/kpm/registry.go:138.2,139.16 2 1
github.com/TheGenXCoder/kpm/internal/kpm/registry.go:139.16,141.3 1 0
github.com/TheGenXCoder/kpm/internal/kpm/registry.go:142.2,144.38 2 1
github.com/TheGenXCoder/kpm/internal/kpm/registry.go:144.38,146.3 1 1
github.com/TheGenXCoder/kpm/internal/kpm/registry.go:148.2,151.65 2 1
github.com/TheGenXCoder/kpm/internal/kpm/registry.go:151.65,153.3 1 1
github.com/TheGenXCoder/kpm/internal/kpm/registry.go:154.2,154.30 1 1
github.com/TheGenXCoder/kpm/internal/kpm/registry.go:154.30,156.3 1 1
github.com/TheGenXCoder/kpm/internal/kpm/registry.go:157.2,157.26 1 1
github.com/TheGenXCoder/kpm/internal/kpm/registry.go:161.89,165.16 3 1
github.com/TheGenXCoder/kpm/internal/kpm/registry.go:165.16,167.3 1 1
github.com/TheGenXCoder/kpm/internal/kpm/registry.go:168.2,170.44 2 1
github.com/TheGenXCoder/kpm/internal/kpm/registry.go:170.44,172.3 1 1
github.com/TheGenXCoder/kpm/internal/kpm/registry.go:173.2,173.38 1 1
github.com/TheGenXCoder/kpm/internal/kpm/registry.go:173.38,175.3 1 1
github.com/TheGenXCoder/kpm/internal/kpm/registry.go:177.2,178.65 2 1
github.com/TheGenXCoder/kpm/internal/kpm/registry.go:178.65,180.3 1 1
github.com/TheGenXCoder/kpm/internal/kpm/registry.go:181.2,182.19 2 1
github.com/TheGenXCoder/kpm/internal/kpm/registry.go:186.83,188.11 2 1
github.com/TheGenXCoder/kpm/internal/kpm/registry.go:188.11,190.3 1 1
github.com/TheGenXCoder/kpm/internal/kpm/registry.go:192.2,193.16 2 1
github.com/TheGenXCoder/kpm/internal/kpm/registry.go:193.16,195.3 1 0
github.com/TheGenXCoder/kpm/internal/kpm/registry.go:196.2,198.81 2 1
github.com/TheGenXCoder/kpm/internal/kpm/registry.go:198.81,200.3 1 1
github.com/TheGenXCoder/kpm/internal/kpm/registry.go:201.2,201.12 1 1
github.com/TheGenXCoder/kpm/internal/kpm/registry.go:205.87,209.16 3 1
github.com/TheGenXCoder/kpm/internal/kpm/registry.go:209.16,211.3 1 0
github.com/TheGenXCoder/kpm/internal/kpm/registry.go:212.2,214.38 2 1
github.com/TheGenXCoder/kpm/internal/kpm/registry.go:214.38,216.3 1 1
github.com/TheGenXCoder/kpm/internal/kpm/registry.go:218.2,221.65 2 1
github.com/TheGenXCoder/kpm/internal/kpm/registry.go:221.65,223.3 1 1
github.com/TheGenXCoder/kpm/internal/kpm/registry.go:224.2,224.27 1 1
github.com/TheGenXCoder/kpm/internal/kpm/remove_cmd.go:12.97,14.31 2 1
github.com/TheGenXCoder/kpm/internal/kpm/remove_cmd.go:14.31,16.3 1 1
github.com/TheGenXCoder/kpm/internal/kpm/remove_cmd.go:18.2,18.11 1 1
github.com/TheGenXCoder/kpm/internal/kpm/remove_cmd.go:18.11,20.3 1 1
github.com/TheGenXCoder/kpm/internal/kpm/remove_cmd.go:20.8,22.3 1 1
github.com/TheGenXCoder/kpm/internal/kpm/remove_cmd.go:24.2,26.55 3 1
github.com/TheGenXCoder/kpm/internal/kpm/remove_cmd.go:26.55,28.3 1 1
github.com/TheGenXCoder/kpm/internal/kpm/remove_cmd.go:30.2,30.62 1 1
github.com/TheGenXCoder/kpm/internal/kpm/remove_cmd.go:30.62,32.3 1 0
github.com/TheGenXCoder/kpm/internal/kpm/remove_cmd.go:34.2,34.11 1 1
github.com/TheGenXCoder/kpm/internal/kpm/remove_cmd.go:34.11,36.3 1 1
github.com/TheGenXCoder/kpm/internal/kpm/remove_cmd.go:36.8,38.3 1 1
github.com/TheGenXCoder/kpm/internal/kpm/remove_cmd.go:39.2,39.12 1 1
github.com/TheGenXCoder/kpm/internal/kpm/resolver.go:19.101,27.28 3 1
github.com/TheGenXCoder/kpm/internal/kpm/resolver.go:27.28,28.40 1 1
github.com/TheGenXCoder/kpm/internal/kpm/resolver.go:28.40,29.12 1 1
github.com/TheGenXCoder/kpm/internal/kpm/resolver.go:31.3,31.40 1 1
github.com/TheGenXCoder/kpm/internal/kpm/resolver.go:31.40,33.18 2 1
github.com/TheGenXCoder/kpm/internal/kpm/resolver.go:33.18,35.5 1 1
github.com/TheGenXCoder/kpm/internal/kpm/resolver.go:35.10,37.5 1 1
github.com/TheGenXCoder/kpm/internal/kpm/resolver.go:41.2,44.28 3 1
github.com/TheGenXCoder/kpm/internal/kpm/resolver.go:44.28,51.18 2 1
github.com/TheGenXCoder/kpm/internal/kpm/resolver.go:51.18,55.12 4 1
github.com/TheGenXCoder/kpm/internal/kpm/resolver.go:58.3,58.21 1 1
github.com/TheGenXCoder/kpm/internal/kpm/resolver.go:59.13,61.25 2 1
github.com/TheGenXCoder/kpm/internal/kpm/resolver.go:61.25,62.28 1 1
github.com/TheGenXCoder/kpm/internal/kpm/resolver.go:62.28,66.14 4 1
github.com/TheGenXCoder/kpm/internal/kpm/resolver.go:68.5,68.67 1 1
github.com/TheGenXCoder/kpm/internal/kpm/resolver.go:70.4,71.11 2 1
github.com/TheGenXCoder/kpm/internal/kpm/resolver.go:71.11,72.28 1 1
github.com/TheGenXCoder/kpm/internal/kpm/resolver.go:72.28,76.14 4 1
github.com/TheGenXCoder/kpm/internal/kpm/resolver.go:78.5,78.103 1 1
github.com/TheGenXCoder/kpm/internal/kpm/resolver.go:80.4,82.26 3 1
github.com/TheGenXCoder/kpm/internal/kpm/resolver.go:84.14,85.42 1 1
github.com/TheGenXCoder/kpm/internal/kpm/resolver.go:85.42,87.19 2 1
github.com/TheGenXCoder/kpm/internal/kpm/resolver.go:87.19,88.29 1 1
github.com/TheGenXCoder/kpm/internal/kpm/resolver.go:88.29,92.15 4 1
github.com/TheGenXCoder/kpm/internal/kpm/resolver.go:94.6,94.61 1 1
github.com/TheGenXCoder/kpm/internal/kpm/resolver.go:96.5,96.32 1 1
github.com/TheGenXCoder/kpm/internal/kpm/resolver.go:98.4,101.26 4 1
github.com/TheGenXCoder/kpm/internal/kpm/resolver.go:103.11,108.18 3 1
github.com/TheGenXCoder/kpm/internal/kpm/resolver.go:108.18,109.28 1 1
github.com/TheGenXCoder/kpm/internal/kpm/resolver.go:109.28,113.14 4 1
github.com/TheGenXCoder/kpm/internal/kpm/resolver.go:115.5,115.60 1 0
github.com/TheGenXCoder/kpm/internal/kpm/resolver.go:119.4,120.23 2 1
github.com/TheGenXCoder/kpm/internal/kpm/resolver.go:120.23,122.12 2 1
github.com/TheGenXCoder/kpm/internal/kpm/resolver.go:122.12,125.6 2 1
github.com/TheGenXCoder/kpm/internal/kpm/resolver.go:126.5,126.12 1 1
github.com/TheGenXCoder/kpm/internal/kpm/resolver.go:127.10,127.44 1 1
github.com/TheGenXCoder/kpm/internal/kpm/resolver.go:127.44,129.5 1 1
github.com/TheGenXCoder/kpm/internal/kpm/resolver.go:129.10,133.5 2 1
github.com/TheGenXCoder/kpm/internal/kpm/resolver.go:135.4,138.20 4 1
github.com/TheGenXCoder/kpm/internal/kpm/resolver.go:141.3,141.34 1 1
github.com/TheGenXCoder/kpm/internal/kpm/resolver.go:144.2,144.22 1 1
github.com/TheGenXCoder/kpm/internal/kpm/runner.go:13.49,15.28 2 1
github.com/TheGenXCoder/kpm/internal/kpm/runner.go:15.28,17.3 1 1
github.com/TheGenXCoder/kpm/internal/kpm/runner.go:18.2,18.12 1 1
github.com/TheGenXCoder/kpm/internal/kpm/runner.go:23.100,31.16 7 1
github.com/TheGenXCoder/kpm/internal/kpm/runner.go:31.16,33.3 1 1
github.com/TheGenXCoder/kpm/internal/kpm/runner.go:35.2,36.30 2 1
github.com/TheGenXCoder/kpm/internal/kpm/runner.go:36.30,38.3 1 1
github.com/TheGenXCoder/kpm/internal/kpm/runner.go:40.2,40.48 1 1
github.com/TheGenXCoder/kpm/internal/kpm/runner.go:45.104,53.16 7 1
github.com/TheGenXCoder/kpm/internal/kpm/runner.go:53.16,55.3 1 1
github.com/TheGenXCoder/kpm/internal/kpm/runner.go:57.2,58.30 2 1
github.com/TheGenXCoder/kpm/internal/kpm/runner.go:58.30,60.3 1 1
github.com/TheGenXCoder/kpm/internal/kpm/runner.go:62.2,62.48 1 1
github.com/TheGenXCoder/kpm/internal/kpm/session.go:12.42,14.2 1 1
github.com/TheGenXCoder/kpm/internal/kpm/session.go:17.73,19.47 2 1
github.com/TheGenXCoder/kpm/internal/kpm/session.go:19.47,21.3 1 1
github.com/TheGenXCoder/kpm/internal/kpm/session.go:22.2,22.75 1 1
github.com/TheGenXCoder/kpm/internal/kpm/session.go:22.75,24.3 1 0
github.com/TheGenXCoder/kpm/internal/kpm/session.go:25.2,25.93 1 1
github.com/TheGenXCoder/kpm/internal/kpm/session.go:25.93,27.3 1 1
github.com/TheGenXCoder/kpm/internal/kpm/session.go:28.2,28.12 1 1
github.com/TheGenXCoder/kpm/internal/kpm/session.go:32.79,35.16 3 1
github.com/TheGenXCoder/kpm/internal/kpm/session.go:35.16,37.3 1 1
github.com/TheGenXCoder/kpm/internal/kpm/session.go:38.2,39.16 2 1
github.com/TheGenXCoder/kpm/internal/kpm/session.go:39.16,41.3 1 1
github.com/TheGenXCoder/kpm/internal/kpm/session.go:42.2,42.36 1 1
github.com/TheGenXCoder/kpm/internal/kpm/session.go:46.37,49.2 2 1
github.com/TheGenXCoder/kpm/internal/kpm/session.go:53.42,55.48 1 1
github.com/TheGenXCoder/kpm/internal/kpm/session.go:55.48,57.3 1 1
github.com/TheGenXCoder/kpm/internal/kpm/session.go:59.2,59.37 1 1
github.com/TheGenXCoder/kpm/internal/kpm/session.go:59.37,61.16 2 1
github.com/TheGenXCoder/kpm/internal/kpm/session.go:61.16,62.12 1 0
github.com/TheGenXCoder/kpm/internal/kpm/session.go:64.3,65.43 2 1
github.com/TheGenXCoder/kpm/internal/kpm/session.go:65.43,67.18 2 1
github.com/TheGenXCoder/kpm/internal/kpm/session.go:67.18,69.5 1 1
github.com/TheGenXCoder/kpm/internal/kpm/session.go:72.2,72.120 1 1
github.com/TheGenXCoder/kpm/internal/kpm/session.go:78.77,83.28 4 1
github.com/TheGenXCoder/kpm/internal/kpm/session.go:83.28,85.16 2 1
github.com/TheGenXCoder/kpm/internal/kpm/session.go:85.16,87.12 2 0
github.com/TheGenXCoder/kpm/internal/kpm/session.go:89.3,92.43 3 1
github.com/TheGenXCoder/kpm/internal/kpm/session.go:92.43,94.18 2 1
github.com/TheGenXCoder/kpm/internal/kpm/session.go:94.18,97.13 2 1
github.com/TheGenXCoder/kpm/internal/kpm/session.go:99.4,99.24 1 1
github.com/TheGenXCoder/kpm/internal/kpm/session.go:99.24,102.13 2 1
github.com/TheGenXCoder/kpm/internal/kpm/session.go:104.4,105.18 2 1
github.com/TheGenXCoder/kpm/internal/kpm/session.go:105.18,107.5 1 0
github.com/TheGenXCoder/kpm/internal/kpm/session.go:108.4,110.15 3 1
github.com/TheGenXCoder/kpm/internal/kpm/session.go:111.9,113.4 1 1
github.com/TheGenXCoder/kpm/internal/kpm/session.go:116.2,116.31 1 1
github.com/TheGenXCoder/kpm/internal/kpm/shell_init.go:13.49,14.17 1 1
github.com/TheGenXCoder/kpm/internal/kpm/shell_init.go:14.17,16.3 1 1
github.com/TheGenXCoder/kpm/internal/kpm/shell_init.go:18.2,23.55 4 1
github.com/TheGenXCoder/kpm/internal/kpm/shell_init.go:23.55,26.3 2 1
github.com/TheGenXCoder/kpm/internal/kpm/shell_init.go:28.2,28.15 1 1
github.com/TheGenXCoder/kpm/internal/kpm/shell_init.go:29.27,30.34 1 1
github.com/TheGenXCoder/kpm/internal/kpm/shell_init.go:31.14,32.33 1 1
github.com/TheGenXCoder/kpm/internal/kpm/shell_init.go:33.10,34.34 1 1
github.com/TheGenXCoder/kpm/internal/kpm/shell_init.go:37.2,37.12 1 1
github.com/TheGenXCoder/kpm/internal/kpm/shell_init.go:40.55,47.2 1 1
github.com/TheGenXCoder/kpm/internal/kpm/shell_init.go:49.54,56.2 1 1
github.com/TheGenXCoder/kpm/internal/kpm/show.go:22.53,26.37 3 1
github.com/TheGenXCoder/kpm/internal/kpm/show.go:26.37,28.16 2 1
github.com/TheGenXCoder/kpm/internal/kpm/show.go:28.16,29.12 1 0
github.com/TheGenXCoder/kpm/internal/kpm/show.go:31.3,34.43 3 1
github.com/TheGenXCoder/kpm/internal/kpm/show.go:34.43,36.18 2 1
github.com/TheGenXCoder/kpm/internal/kpm/show.go:36.18,37.13 1 0
github.com/TheGenXCoder/kpm/internal/kpm/show.go:39.4,39.23 1 1
github.com/TheGenXCoder/kpm/internal/kpm/show.go:39.23,41.5 1 1
github.com/TheGenXCoder/kpm/internal/kpm/show.go:43.4,44.25 2 1
github.com/TheGenXCoder/kpm/internal/kpm/show.go:44.25,46.5 1 1
github.com/TheGenXCoder/kpm/internal/kpm/show.go:48.4,53.6 1 1
github.com/TheGenXCoder/kpm/internal/kpm/show.go:57.2,57.27 1 1
github.com/TheGenXCoder/kpm/internal/kpm/show.go:63.77,67.16 4 1
github.com/TheGenXCoder/kpm/internal/kpm/show.go:67.16,69.3 1 1
github.com/TheGenXCoder/kpm/internal/kpm/show.go:70.2,73.19 4 1
github.com/TheGenXCoder/kpm/internal/kpm/show.go:73.19,75.3 1 1
github.com/TheGenXCoder/kpm/internal/kpm/show.go:76.2,76.18 1 1
github.com/TheGenXCoder/kpm/internal/kpm/show.go:82.119,83.23 1 1
github.com/TheGenXCoder/kpm/internal/kpm/show.go:83.23,87.3 3 1
github.com/TheGenXCoder/kpm/internal/kpm/show.go:90.2,90.22 1 1
github.com/TheGenXCoder/kpm/internal/kpm/show.go:90.22,91.29 1 1
github.com/TheGenXCoder/kpm/internal/kpm/show.go:91.29,92.28 1 1
github.com/TheGenXCoder/kpm/internal/kpm/show.go:92.28,95.25 3 1
github.com/TheGenXCoder/kpm/internal/kpm/show.go:95.25,97.6 1 1
github.com/TheGenXCoder/kpm/internal/kpm/show.go:98.5,99.11 2 1
github.com/TheGenXCoder/kpm/internal/kpm/show.go:102.3,103.9 2 1
github.com/TheGenXCoder/kpm/internal/kpm/show.go:107.2,108.22 2 1
github.com/TheGenXCoder/kpm/internal/kpm/show.go:108.22,110.3 1 1
github.com/TheGenXCoder/kpm/internal/kpm/show.go:111.2,113.28 2 1
github.com/TheGenXCoder/kpm/internal/kpm/show.go:113.28,115.3 1 1
github.com/TheGenXCoder/kpm/internal/kpm/show.go:117.2,117.56 1 1
github.com/TheGenXCoder/kpm/internal/kpm/show.go:122.130,126.23 3 1
github.com/TheGenXCoder/kpm/internal/kpm/show.go:126.23,129.3 2 1
github.com/TheGenXCoder/kpm/internal/kpm/show.go:131.2,135.25 3 1
github.com/TheGenXCoder/kpm/internal/kpm/show.go:135.25,137.3 1 1
github.com/TheGenXCoder/kpm/internal/kpm/show.go:138.2,138.33 1 1
github.com/TheGenXCoder/kpm/internal/kpm/show.go:138.33,139.38 1 1
github.com/TheGenXCoder/kpm/internal/kpm/show.go:139.38,140.25 1 1
github.com/TheGenXCoder/kpm/internal/kpm/show.go:140.25,142.5 1 0
github.com/TheGenXCoder/kpm/internal/kpm/show.go:146.2,147.25 2 1
github.com/TheGenXCoder/kpm/internal/kpm/show.go:147.25,148.22 1 1
github.com/TheGenXCoder/kpm/internal/kpm/show.go:148.22,150.4 1 1
github.com/TheGenXCoder/kpm/internal/kpm/show.go:153.2,153.25 1 1
github.com/TheGenXCoder/kpm/internal/kpm/show.go:153.25,157.3 3 1
github.com/TheGenXCoder/kpm/internal/kpm/show.go:161.49,164.11 3 1
github.com/TheGenXCoder/kpm/internal/kpm/show.go:164.11,166.3 1 1
github.com/TheGenXCoder/kpm/internal/kpm/show.go:167.2,167.30 1 1
github.com/TheGenXCoder/kpm/internal/kpm/template.go:35.49,37.14 2 1
github.com/TheGenXCoder/kpm/internal/kpm/template.go:37.14,39.3 1 1
github.com/TheGenXCoder/kpm/internal/kpm/template.go:40.2,45.9 1 1
github.com/TheGenXCoder/kpm/internal/kpm/template.go:51.58,56.21 4 1
github.com/TheGenXCoder/kpm/internal/kpm/template.go:56.21,61.49 3 1
github.com/TheGenXCoder/kpm/internal/kpm/template.go:61.49,62.12 1 1
github.com/TheGenXCoder/kpm/internal/kpm/template.go:66.3,66.48 1 1
github.com/TheGenXCoder/kpm/internal/kpm/template.go:66.48,68.35 2 1
github.com/TheGenXCoder/kpm/internal/kpm/template.go:68.35,74.13 2 1
github.com/TheGenXCoder/kpm/internal/kpm/template.go:79.3,80.16 2 1
github.com/TheGenXCoder/kpm/internal/kpm/template.go:80.16,82.4 1 0
github.com/TheGenXCoder/kpm/internal/kpm/template.go:84.3,88.12 4 1
github.com/TheGenXCoder/kpm/internal/kpm/template.go:88.12,94.4 1 1
github.com/TheGenXCoder/kpm/internal/kpm/template.go:94.9,99.4 1 1
github.com/TheGenXCoder/kpm/internal/kpm/template.go:102.2,102.38 1 1
github.com/TheGenXCoder/kpm/internal/kpm/template.go:102.38,104.3 1 0
github.com/TheGenXCoder/kpm/internal/kpm/template.go:106.2,106.21 1 1
github.com/TheGenXCoder/kpm/internal/kpm/template.go:113.111,114.17 1 1
github.com/TheGenXCoder/kpm/internal/kpm/template.go:114.17,116.3 1 1
github.com/TheGenXCoder/kpm/internal/kpm/template.go:118.2,119.16 2 1
github.com/TheGenXCoder/kpm/internal/kpm/template.go:119.16,121.3 1 0
github.com/TheGenXCoder/kpm/internal/kpm/template.go:122.2,122.19 1 1
github.com/TheGenXCoder/kpm/internal/kpm/template.go:122.19,124.3 1 1
github.com/TheGenXCoder/kpm/internal/kpm/template.go:125.2,128.16 3 1
github.com/TheGenXCoder/kpm/internal/kpm/template.go:128.16,130.3 1 0
github.com/TheGenXCoder/kpm/internal/kpm/template.go:131.2,134.16 3 1
github.com/TheGenXCoder/kpm/internal/kpm/template.go:134.16,136.3 1 0
github.com/TheGenXCoder/kpm/internal/kpm/template.go:140.2,143.28 3 1
github.com/TheGenXCoder/kpm/internal/kpm/template.go:143.28,144.44 1 1
github.com/TheGenXCoder/kpm/internal/kpm/template.go:144.44,147.22 2 1
github.com/TheGenXCoder/kpm/internal/kpm/template.go:147.22,149.19 2 1
github.com/TheGenXCoder/kpm/internal/kpm/template.go:149.19,151.6 1 0
github.com/TheGenXCoder/kpm/internal/kpm/template.go:152.5,152.27 1 1
github.com/TheGenXCoder/kpm/internal/kpm/template.go:155.4,156.22 2 1
github.com/TheGenXCoder/kpm/internal/kpm/template.go:156.22,158.5 1 0
github.com/TheGenXCoder/kpm/internal/kpm/template.go:160.4,161.18 2 1
github.com/TheGenXCoder/kpm/internal/kpm/template.go:161.18,163.5 1 1
github.com/TheGenXCoder/kpm/internal/kpm/template.go:164.4,164.40 1 1
github.com/TheGenXCoder/kpm/internal/kpm/template.go:165.9,167.4 1 1
github.com/TheGenXCoder/kpm/internal/kpm/template.go:171.2,174.40 2 1
github.com/TheGenXCoder/kpm/internal/kpm/template.go:179.66,183.28 3 1
github.com/TheGenXCoder/kpm/internal/kpm/template.go:183.28,184.21 1 1
github.com/TheGenXCoder/kpm/internal/kpm/template.go:184.21,185.12 1 0
github.com/TheGenXCoder/kpm/internal/kpm/template.go:187.3,187.44 1 1
github.com/TheGenXCoder/kpm/internal/kpm/template.go:187.44,189.4 1 1
github.com/TheGenXCoder/kpm/internal/kpm/template.go:189.9,192.4 2 1
github.com/TheGenXCoder/kpm/internal/kpm/template.go:194.2,194.15 1 1
github.com/TheGenXCoder/kpm/internal/kpm/template.go:199.101,200.20 1 1
github.com/TheGenXCoder/kpm/internal/kpm/template.go:200.20,202.3 1 0
github.com/TheGenXCoder/kpm/internal/kpm/template.go:203.2,206.27 3 1
github.com/TheGenXCoder/kpm/internal/kpm/template.go:206.27,207.17 1 1
github.com/TheGenXCoder/kpm/internal/kpm/template.go:207.17,209.18 2 1
github.com/TheGenXCoder/kpm/internal/kpm/template.go:209.18,211.5 1 1
github.com/TheGenXCoder/kpm/internal/kpm/template.go:212.4,213.18 2 1
github.com/TheGenXCoder/kpm/internal/kpm/template.go:213.18,215.5 1 0
github.com/TheGenXCoder/kpm/internal/kpm/template.go:216.4,217.35 2 1
github.com/TheGenXCoder/kpm/internal/kpm/template.go:218.9,221.18 2 1
github.com/TheGenXCoder/kpm/internal/kpm/template.go:221.18,223.5 1 0
github.com/TheGenXCoder/kpm/internal/kpm/template.go:224.4,224.48 1 1
github.com/TheGenXCoder/kpm/internal/kpm/template.go:227.2,227.20 1 1
github.com/TheGenXCoder/kpm/internal/kpm/template.go:233.46,234.43 1 1
github.com/TheGenXCoder/kpm/internal/kpm/template.go:234.43,236.3 1 1
github.com/TheGenXCoder/kpm/internal/kpm/template.go:239.2,240.48 2 1
github.com/TheGenXCoder/kpm/internal/kpm/template.go:240.48,242.3 1 1
github.com/TheGenXCoder/kpm/internal/kpm/template.go:245.2,246.45 2 1
github.com/TheGenXCoder/kpm/internal/kpm/template.go:246.45,248.3 1 1
github.com/TheGenXCoder/kpm/internal/kpm/template.go:250.2,250.11 1 1
github.com/TheGenXCoder/kpm/internal/kpm/tree.go:25.47,37.31 5 1
github.com/TheGenXCoder/kpm/internal/kpm/tree.go:37.31,39.16 2 1
github.com/TheGenXCoder/kpm/internal/kpm/tree.go:39.16,40.12 1 0
github.com/TheGenXCoder/kpm/internal/kpm/tree.go:42.3,43.29 2 1
github.com/TheGenXCoder/kpm/internal/kpm/tree.go:45.2,45.15 1 1
github.com/TheGenXCoder/kpm/internal/kpm/tree.go:49.59,51.16 2 1
github.com/TheGenXCoder/kpm/internal/kpm/tree.go:51.16,52.25 1 1
github.com/TheGenXCoder/kpm/internal/kpm/tree.go:52.25,54.4 1 1
github.com/TheGenXCoder/kpm/internal/kpm/tree.go:55.3,55.18 1 1
github.com/TheGenXCoder/kpm/internal/kpm/tree.go:58.2,59.32 2 1
github.com/TheGenXCoder/kpm/internal/kpm/tree.go:59.32,60.69 1 1
github.com/TheGenXCoder/kpm/internal/kpm/tree.go:60.69,61.12 1 1
github.com/TheGenXCoder/kpm/internal/kpm/tree.go:64.3,66.17 3 1
github.com/TheGenXCoder/kpm/internal/kpm/tree.go:66.17,67.12 1 0
github.com/TheGenXCoder/kpm/internal/kpm/tree.go:70.3,72.17 3 1
github.com/TheGenXCoder/kpm/internal/kpm/tree.go:72.17,73.12 1 0
github.com/TheGenXCoder/kpm/internal/kpm/tree.go:76.3,77.28 2 1
github.com/TheGenXCoder/kpm/internal/kpm/tree.go:77.28,78.18 1 1
github.com/TheGenXCoder/kpm/internal/kpm/tree.go:78.18,80.24 2 1
github.com/TheGenXCoder/kpm/internal/kpm/tree.go:80.24,82.6 1 1
github.com/TheGenXCoder/kpm/internal/kpm/tree.go:83.5,83.29 1 1
github.com/TheGenXCoder/kpm/internal/kpm/tree.go:87.3,90.5 1 1
github.com/TheGenXCoder/kpm/internal/kpm/tree.go:93.2,93.23 1 1
github.com/TheGenXCoder/kpm/internal/kpm/tree.go:97.59,98.31 1 1
github.com/TheGenXCoder/kpm/internal/kpm/tree.go:98.31,99.12 1 1
github.com/TheGenXCoder/kpm/internal/kpm/tree.go:99.12,101.4 1 1
github.com/TheGenXCoder/kpm/internal/kpm/tree.go:102.3,105.17 3 1
github.com/TheGenXCoder/kpm/internal/kpm/tree.go:105.17,107.12 2 0
github.com/TheGenXCoder/kpm/internal/kpm/tree.go:110.3,110.26 1 1
github.com/TheGenXCoder/kpm/internal/kpm/tree.go:110.26,112.12 2 1
github.com/TheGenXCoder/kpm/internal/kpm/tree.go:115.3,115.31 1 1
github.com/TheGenXCoder/kpm/internal/kpm/tree.go:115.31,117.24 2 1
github.com/TheGenXCoder/kpm/internal/kpm/tree.go:117.24,119.5 1 1
github.com/TheGenXCoder/kpm/internal/kpm/tree.go:120.4,120.103 1 1
github.com/TheGenXCoder/kpm/internal/kpm/tree.go:123.2,123.12 1 1
github.com/TheGenXCoder/kpm/internal/kpm/zero.go:5.26,6.19 1 1
github.com/TheGenXCoder/kpm/internal/kpm/zero.go:6.19,8.3 1 1
github.com/TheGenXCoder/kpm/internal/kpm/zero.go:12.35,13.22 1 1
github.com/TheGenXCoder/kpm/internal/kpm/zero.go:13.22,15.3 1 1
